# JRE version: Java(TM) SE Runtime Environment (7.0_80-b15) (build 1.7.0_80-b15)
# Java VM: Java HotSpot(TM) 64-Bit Server VM (24.80-b11 mixed mode linux-amd64 compressed oops)
Heap
 PSYoungGen      total 483840K, used 260848K [0x00000000e1700000, 0x00000000fff00000, 0x0000000100000000)
  eden space 474112K, 53% used [0x00000000e1700000,0x00000000f0ca40d8,0x00000000fe600000)
  from space 9728K, 95% used [0x00000000fe600000,0x00000000fef18000,0x00000000fef80000)
  to   space 12800K, 0% used [0x00000000ff280000,0x00000000ff280000,0x00000000fff00000)
 ParOldGen       total 107008K, used 72129K [0x00000000a4600000, 0x00000000aae80000, 0x00000000e1700000)
  object space 107008K, 67% used [0x00000000a4600000,0x00000000a8c70758,0x00000000aae80000)
 PSPermGen       total 23552K, used 12270K [0x000000009f400000, 0x00000000a0b00000, 0x00000000a4600000)
  object space 23552K, 52% used [0x000000009f400000,0x000000009fffbb00,0x00000000a0b00000)
GC Heap History (10 events):
Event: 5,162 GC heap before
{Heap before GC invocations=12 (full 0):
 PSYoungGen      total 314368K, used 311680K [0x00000000e1700000, 0x0000000100000000, 0x0000000100000000)
  eden space 301568K, 100% used [0x00000000e1700000,0x00000000f3d80000,0x00000000f3d80000)
  from space 12800K, 79% used [0x00000000f3d80000,0x00000000f4760000,0x00000000f4a00000)
  to   space 12800K, 0% used [0x00000000ff380000,0x00000000ff380000,0x0000000100000000)
 ParOldGen       total 62464K, used 36581K [0x00000000a4600000, 0x00000000a8300000, 0x00000000e1700000)
  object space 62464K, 58% used [0x00000000a4600000,0x00000000a69b96c8,0x00000000a8300000)
 PSPermGen       total 21504K, used 11636K [0x000000009f400000, 0x00000000a0900000, 0x00000000a4600000)
  object space 21504K, 54% used [0x000000009f400000,0x000000009ff5d0e0,0x00000000a0900000)
Event: 5,195 GC heap after
Heap after GC invocations=12 (full 0):
 PSYoungGen      total 487936K, used 9248K [0x00000000e1700000, 0x0000000100000000, 0x0000000100000000)
  eden space 475136K, 0% used [0x00000000e1700000,0x00000000e1700000,0x00000000fe700000)
  from space 12800K, 72% used [0x00000000ff380000,0x00000000ffc88000,0x0000000100000000)
  to   space 12800K, 0% used [0x00000000fe700000,0x00000000fe700000,0x00000000ff380000)
 ParOldGen       total 62464K, used 46616K [0x00000000a4600000, 0x00000000a8300000, 0x00000000e1700000)
  object space 62464K, 74% used [0x00000000a4600000,0x00000000a7386060,0x00000000a8300000)
 PSPermGen       total 21504K, used 11636K [0x000000009f400000, 0x00000000a0900000, 0x00000000a4600000)
  object space 21504K, 54% used [0x000000009f400000,0x000000009ff5d0e0,0x00000000a0900000)
}
Event: 6,095 GC heap before
{Heap before GC invocations=13 (full 0):
 PSYoungGen      total 487936K, used 484384K [0x00000000e1700000, 0x0000000100000000, 0x0000000100000000)
  eden space 475136K, 100% used [0x00000000e1700000,0x00000000fe700000,0x00000000fe700000)
  from space 12800K, 72% used [0x00000000ff380000,0x00000000ffc88000,0x0000000100000000)
  to   space 12800K, 0% used [0x00000000fe700000,0x00000000fe700000,0x00000000ff380000)
 ParOldGen       total 62464K, used 46616K [0x00000000a4600000, 0x00000000a8300000, 0x00000000e1700000)
  object space 62464K, 74% used [0x00000000a4600000,0x00000000a7386060,0x00000000a8300000)
 PSPermGen       total 21504K, used 11637K [0x000000009f400000, 0x00000000a0900000, 0x00000000a4600000)
  object space 21504K, 54% used [0x000000009f400000,0x000000009ff5d448,0x00000000a0900000)
Event: 6,130 GC heap after
Heap after GC invocations=13 (full 0):
 PSYoungGen      total 485376K, used 10080K [0x00000000e1700000, 0x0000000100000000, 0x0000000100000000)
  eden space 475136K, 0% used [0x00000000e1700000,0x00000000e1700000,0x00000000fe700000)
  from space 10240K, 98% used [0x00000000fe700000,0x00000000ff0d8000,0x00000000ff100000)
  to   space 13312K, 0% used [0x00000000ff300000,0x00000000ff300000,0x0000000100000000)
 ParOldGen       total 62464K, used 55832K [0x00000000a4600000, 0x00000000a8300000, 0x00000000e1700000)
  object space 62464K, 89% used [0x00000000a4600000,0x00000000a7c86060,0x00000000a8300000)
 PSPermGen       total 21504K, used 11637K [0x000000009f400000, 0x00000000a0900000, 0x00000000a4600000)
  object space 21504K, 54% used [0x000000009f400000,0x000000009ff5d448,0x00000000a0900000)
}
Event: 6,130 GC heap before
{Heap before GC invocations=14 (full 1):
 PSYoungGen      total 485376K, used 10080K [0x00000000e1700000, 0x0000000100000000, 0x0000000100000000)
  eden space 475136K, 0% used [0x00000000e1700000,0x00000000e1700000,0x00000000fe700000)
  from space 10240K, 98% used [0x00000000fe700000,0x00000000ff0d8000,0x00000000ff100000)
  to   space 13312K, 0% used [0x00000000ff300000,0x00000000ff300000,0x0000000100000000)
 ParOldGen       total 62464K, used 55832K [0x00000000a4600000, 0x00000000a8300000, 0x00000000e1700000)
  object space 62464K, 89% used [0x00000000a4600000,0x00000000a7c86060,0x00000000a8300000)
 PSPermGen       total 21504K, used 11637K [0x000000009f400000, 0x00000000a0900000, 0x00000000a4600000)
  object space 21504K, 54% used [0x000000009f400000,0x000000009ff5d448,0x00000000a0900000)
Event: 6,291 GC heap after
Heap after GC invocations=14 (full 1):
 PSYoungGen      total 485376K, used 267K [0x00000000e1700000, 0x0000000100000000, 0x0000000100000000)
  eden space 475136K, 0% used [0x00000000e1700000,0x00000000e1700000,0x00000000fe700000)
  from space 10240K, 2% used [0x00000000fe700000,0x00000000fe742ec8,0x00000000ff100000)
  to   space 13312K, 0% used [0x00000000ff300000,0x00000000ff300000,0x0000000100000000)
 ParOldGen       total 107008K, used 62452K [0x00000000a4600000, 0x00000000aae80000, 0x00000000e1700000)
  object space 107008K, 58% used [0x00000000a4600000,0x00000000a82fd398,0x00000000aae80000)
 PSPermGen       total 23552K, used 11630K [0x000000009f400000, 0x00000000a0b00000, 0x00000000a4600000)
  object space 23552K, 49% used [0x000000009f400000,0x000000009ff5bb80,0x00000000a0b00000)
}
Event: 7,283 GC heap before
{Heap before GC invocations=15 (full 1):
 PSYoungGen      total 485376K, used 475403K [0x00000000e1700000, 0x0000000100000000, 0x0000000100000000)
  eden space 475136K, 100% used [0x00000000e1700000,0x00000000fe700000,0x00000000fe700000)
  from space 10240K, 2% used [0x00000000fe700000,0x00000000fe742ec8,0x00000000ff100000)
  to   space 13312K, 0% used [0x00000000ff300000,0x00000000ff300000,0x0000000100000000)
 ParOldGen       total 107008K, used 62452K [0x00000000a4600000, 0x00000000aae80000, 0x00000000e1700000)
  object space 107008K, 58% used [0x00000000a4600000,0x00000000a82fd398,0x00000000aae80000)
 PSPermGen       total 23552K, used 11630K [0x000000009f400000, 0x00000000a0b00000, 0x00000000a4600000)
  object space 23552K, 49% used [0x000000009f400000,0x000000009ff5bb80,0x00000000a0b00000)
Event: 7,301 GC heap after
Heap after GC invocations=15 (full 1):
 PSYoungGen      total 487424K, used 9440K [0x00000000e1700000, 0x0000000100000000, 0x0000000100000000)
  eden space 474112K, 0% used [0x00000000e1700000,0x00000000e1700000,0x00000000fe600000)
  from space 13312K, 70% used [0x00000000ff300000,0x00000000ffc38000,0x0000000100000000)
  to   space 13312K, 0% used [0x00000000fe600000,0x00000000fe600000,0x00000000ff300000)
 ParOldGen       total 107008K, used 62748K [0x00000000a4600000, 0x00000000aae80000, 0x00000000e1700000)
  object space 107008K, 58% used [0x00000000a4600000,0x00000000a8347398,0x00000000aae80000)
 PSPermGen       total 23552K, used 11630K [0x000000009f400000, 0x00000000a0b00000, 0x00000000a4600000)
  object space 23552K, 49% used [0x000000009f400000,0x000000009ff5bb80,0x00000000a0b00000)
}
Event: 8,318 GC heap before
{Heap before GC invocations=16 (full 1):
 PSYoungGen      total 487424K, used 483552K [0x00000000e1700000, 0x0000000100000000, 0x0000000100000000)
  eden space 474112K, 100% used [0x00000000e1700000,0x00000000fe600000,0x00000000fe600000)
  from space 13312K, 70% used [0x00000000ff300000,0x00000000ffc38000,0x0000000100000000)
  to   space 13312K, 0% used [0x00000000fe600000,0x00000000fe600000,0x00000000ff300000)
 ParOldGen       total 107008K, used 62748K [0x00000000a4600000, 0x00000000aae80000, 0x00000000e1700000)
  object space 107008K, 58% used [0x00000000a4600000,0x00000000a8347398,0x00000000aae80000)
 PSPermGen       total 23552K, used 11636K [0x000000009f400000, 0x00000000a0b00000, 0x00000000a4600000)
  object space 23552K, 49% used [0x000000009f400000,0x000000009ff5d280,0x00000000a0b00000)
Event: 8,338 GC heap after
Heap after GC invocations=16 (full 1):
 PSYoungGen      total 483840K, used 9312K [0x00000000e1700000, 0x00000000fff00000, 0x0000000100000000)
  eden space 474112K, 0% used [0x00000000e1700000,0x00000000e1700000,0x00000000fe600000)
  from space 9728K, 95% used [0x00000000fe600000,0x00000000fef18000,0x00000000fef80000)
  to   space 12800K, 0% used [0x00000000ff280000,0x00000000ff280000,0x00000000fff00000)
 ParOldGen       total 107008K, used 72129K [0x00000000a4600000, 0x00000000aae80000, 0x00000000e1700000)
  object space 107008K, 67% used [0x00000000a4600000,0x00000000a8c70758,0x00000000aae80000)
 PSPermGen       total 23552K, used 11636K [0x000000009f400000, 0x00000000a0b00000, 0x00000000a4600000)
  object space 23552K, 49% used [0x000000009f400000,0x000000009ff5d280,0x00000000a0b00000)
}

